2026-02-21 15:52:53,093 - INFO - ============================================================
2026-02-21 15:52:53,093 - INFO - SAP Speaker WER Calculation using NVIDIA NeMo
2026-02-21 15:52:53,093 - INFO - ============================================================
2026-02-21 15:52:53,093 - INFO - Detailed logs will be saved to: sap_wer_detailed.log
2026-02-21 15:53:20,149 - INFO - Loading NeMo model: stt_en_conformer_ctc_large
2026-02-21 15:53:20,149 - INFO - Using device: cuda
2026-02-21 15:53:27,669 - INFO - ✓ Model loaded successfully
2026-02-21 15:53:27,845 - INFO - 
Processing 92 speakers from DEV
2026-02-21 15:53:28,201 - INFO - Processing 344 utterances for speaker 01570ac8-6f88-4424-3a69-08dc183f4f57 (ALS)
2026-02-21 15:53:52,876 - INFO - 
  Example 1/344:
    Ground Truth: I'm quite sure you are too kind-hearted to enjoy giving pain to any living creature.
    ASR Output:   i'm quite sure you're too kind hearted to draw youvean pain to any wiving creature
    WER:          53.33%

2026-02-21 15:53:52,877 - INFO - 
  Example 11/344:
    Ground Truth: First we buy a film, then we open the kodak and place the film.
    ASR Output:   first st bdy film then we open the kodak and placed the film
    WER:          42.86%

2026-02-21 15:53:52,878 - INFO - 
  Example 21/344:
    Ground Truth: It can be little more or less than a repetition of what he struggled to teach at the beginning of the present century.
    ASR Output:   it can be a little more or less than a repetition of what he has struggled to teach at the beginning of the present century
    WER:          13.04%

2026-02-21 15:53:52,878 - INFO - 
  Example 31/344:
    Ground Truth: He was there alone in the midst of devoted men.
    ASR Output:   he was there alone in the midst of devoutin men
    WER:          20.00%

2026-02-21 15:53:52,879 - INFO - 
  Example 41/344:
    Ground Truth: Immediately, a school of fish swam up to him, and one of the biggest cried out.
    ASR Output:   immediately a skot with fish swam up to him and one of the beggest cried out
    WER:          37.50%

2026-02-21 15:53:52,879 - INFO - 
  Example 51/344:
    Ground Truth: "It is the world I am living in, this brutal world."
    ASR Output:   it is the world i'm living in this brutal world
    WER:          45.45%

2026-02-21 15:53:52,879 - INFO - 
  Example 61/344:
    Ground Truth: The Russian general was there, chatting affably across the counter about the weather.
    ASR Output:   the russian general was there chatting aithlbly across the counter about the weather
    WER:          23.08%

2026-02-21 15:53:52,880 - INFO - 
  Example 71/344:
    Ground Truth: At last Billy Woodchuck's lips began to feel very weird, puckered up as they were.
    ASR Output:   at last billy woodchuck's lips began to feel very weird puckered up as they were
    WER:          13.33%

2026-02-21 15:53:52,881 - INFO - 
  Example 81/344:
    Ground Truth: [Tell me about your pets, or a pet you wished you had.] Tell me about your pets, or a pet you wished you had. I have one cat, her name is Penelope. She is eleven years old and she is very grumpy. But she is the queen of the house. Very spoiled and loves her dad the most.
    ASR Output:   tell me about your pets or a pet you wish you had i have one caw namems pmelpy she is lve youar sald and she is very grunty but she is the lenty of the house very spoild and loves her dad the mos
    WER:          48.28%

2026-02-21 15:53:52,883 - INFO - 
  Example 91/344:
    Ground Truth: [Who has been an influential person in your life, and why?] Who has been an influential person in your life, and why? My dad was because he taught me how to love selflessly and a big person, and to take care of others and not thinking for yourself.
    ASR Output:   yous been an influential parson in your life and why my dad was cacuse he'd taught me how to love selflessly and a beo parson and to take care of others and not thinking of yourself
    WER:          45.83%

2026-02-21 15:53:52,884 - INFO - 
  Example 101/344:
    Ground Truth: [Are you an early bird or a night owl? Please explain.] Are you an early bird or a night owl? Please explain. I'm a night owl. I did not like getting up early in the morning. And I liked working night shift in the hospital better.
    ASR Output:   argue that early bird aar i not nw pleens explained i aan not now i do not minguing him early in the morning and i like to inking not si and the hunspit of better
    WER:          82.61%

2026-02-21 15:53:52,885 - INFO - 
  Example 111/344:
    Ground Truth: [Please explain the steps to make your favorite sandwich or other lunch food.] Please explain the steps to make your favorite sandwich or other lunch food. I like a hot ham and turkey or ham and cheese. I like to put butter on (each side the) on the outside the bread. And then put it in the skillet with a little bit more butter. I like sandwich made in the skillet, to get it hot and then put the cheese on the bread. And then put the meat on there and then let it grill or toast on each side.
    ASR Output:   please explain the steps to make your favorite sandwich at their lunching i likeing hot m and turkey or hornym and cheese i like to put butter on eseside the latside the bread and then put it in the skillet will boil me more butter like sonch meat in the skillet to get it hot and then put the cheese on the bread and then put the meat on there and then let it grill ord taste on inside
    WER:          42.00%

2026-02-21 15:53:52,886 - INFO - 
  Example 121/344:
    Ground Truth: Skip forward 45 seconds.
    ASR Output:   skip forward forwenty five seconds
    WER:          75.00%

2026-02-21 15:53:52,886 - INFO - 
  Example 131/344:
    Ground Truth: Play music on office speakers.
    ASR Output:   play music on office speakers
    WER:          20.00%

2026-02-21 15:53:52,886 - INFO - 
  Example 141/344:
    Ground Truth: Dislike this song.
    ASR Output:   despite this song
    WER:          66.67%

2026-02-21 15:53:52,887 - INFO - 
  Example 151/344:
    Ground Truth: Turn on cooling.
    ASR Output:   turn on ing
    WER:          33.33%

2026-02-21 15:53:52,887 - INFO - 
  Example 161/344:
    Ground Truth: Make the text larger.
    ASR Output:   make the detect larger
    WER:          50.00%

2026-02-21 15:53:52,888 - INFO - 
  Example 171/344:
    Ground Truth: Stop the call.
    ASR Output:   stop the call
    WER:          33.33%

2026-02-21 15:53:52,888 - INFO - 
  Example 181/344:
    Ground Truth: Unlock the front door.
    ASR Output:   nmark frontder one
    WER:          100.00%

2026-02-21 15:53:52,888 - INFO - 
  Example 191/344:
    Ground Truth: Turn on the porch light.
    ASR Output:   turn on the point light
    WER:          40.00%

2026-02-21 15:53:52,889 - INFO - 
  Example 201/344:
    Ground Truth: Tell me news from MSNBC.
    ASR Output:   tell me news from m sm b c
    WER:          80.00%

2026-02-21 15:53:52,889 - INFO - 
  Example 211/344:
    Ground Truth: When is Thanksgiving this year?
    ASR Output:   when theres thanksgiving this year
    WER:          40.00%

2026-02-21 15:53:52,889 - INFO - 
  Example 221/344:
    Ground Truth: Who won the NHL game yesterday?
    ASR Output:   one n i il gang yes truday
    WER:          116.67%

2026-02-21 15:53:52,890 - INFO - 
  Example 231/344:
    Ground Truth: Decrease the volume.
    ASR Output:   decrease per volume
    WER:          66.67%

2026-02-21 15:53:52,890 - INFO - 
  Example 241/344:
    Ground Truth: Send an email to SabinaK@westerly.edu.
    ASR Output:   send an email to sabina k a westerly dot e b
    WER:          140.00%

2026-02-21 15:53:52,891 - INFO - 
  Example 251/344:
    Ground Truth: Is the observatory at the Willis Tower wheelchair accessible?
    ASR Output:   is the observantory at the willis tower wheelchair accessible
    WER:          22.22%

2026-02-21 15:53:52,891 - INFO - 
  Example 261/344:
    Ground Truth: Show me nearby cafes.
    ASR Output:   showing nearby cafes
    WER:          75.00%

2026-02-21 15:53:52,891 - INFO - 
  Example 271/344:
    Ground Truth: Where is my first event tomorrow?
    ASR Output:   where's my firgat band tomorrow
    WER:          83.33%

2026-02-21 15:53:52,892 - INFO - 
  Example 281/344:
    Ground Truth: How many refills are left on my warfarin?
    ASR Output:   how many retails are left on my warbn
    WER:          25.00%

2026-02-21 15:53:52,892 - INFO - 
  Example 291/344:
    Ground Truth: Set a reminder to take Spironolactone at 9 PM.
    ASR Output:   st a reminder to take the spere like tone at nine p m
    WER:          88.89%

2026-02-21 15:53:52,893 - INFO - 
  Example 301/344:
    Ground Truth: Set a reminder to take acetaminophen at 1PM.
    ASR Output:   sunday reminder jake it se a men a thing at one pm
    WER:          137.50%

2026-02-21 15:53:52,893 - INFO - 
  Example 311/344:
    Ground Truth: Add a hair dryer brush for Nessa to my gift list.
    ASR Output:   and a hair drying brush for nansent my good plans
    WER:          54.55%

2026-02-21 15:53:52,894 - INFO - 
  Example 321/344:
    Ground Truth: Create a Sam's Club shopping list.
    ASR Output:   create a fanse club someping liest
    WER:          50.00%

2026-02-21 15:53:52,894 - INFO - 
  Example 331/344:
    Ground Truth: Find non-stop flights to Lisbon, Portugal on TAP.
    ASR Output:   fin non sot fight to blismon portial on t p
    WER:          100.00%

2026-02-21 15:53:52,894 - INFO - 
  Example 341/344:
    Ground Truth: Hey Siri.
    ASR Output:   i thary
    WER:          100.00%

2026-02-21 15:53:52,895 - INFO - ✓ Speaker 01570ac8-6f8... complete: Avg WER = 61.08%
2026-02-21 15:53:53,305 - INFO - Processing 448 utterances for speaker 02005a84-8847-4ef7-7b99-08dc286c108f (Parkinson's Disease)
